Date              = do apr  1 21:18:32 CEST 2021
Hostname          = insy13
Working Directory = /tudelft.net/staff-umbrella/hpe/thesis

Number of Nodes Allocated      = 1
Number of Tasks Allocated      = 1
Number of Cores/Task Allocated = 1

Currently Loaded Modules:
  1) cuda/11.1   2) cudnn/11.1-8.0.5.39

 

Traceback (most recent call last):
  File "/usr/lib64/python3.6/runpy.py", line 193, in _run_module_as_main
    "__main__", mod_spec)
  File "/usr/lib64/python3.6/runpy.py", line 85, in _run_code
    exec(code, run_globals)
  File "/home/nfs/ylwu/.local/lib/python3.6/site-packages/torch/distributed/launch.py", line 340, in <module>
    main()
  File "/home/nfs/ylwu/.local/lib/python3.6/site-packages/torch/distributed/launch.py", line 326, in main
    sigkill_handler(signal.SIGTERM, None)  # not coming back
  File "/home/nfs/ylwu/.local/lib/python3.6/site-packages/torch/distributed/launch.py", line 301, in sigkill_handler
    raise subprocess.CalledProcessError(returncode=last_return_code, cmd=cmd)
subprocess.CalledProcessError: Command '['/usr/bin/python3', '-u', 'main.py']' died with <Signals.SIGKILL: 9>.
*****************************************
Setting OMP_NUM_THREADS environment variable for each process to be 1 in default, to avoid your system being overloaded, please further tune the variable for optimal performance in your application as needed. 
*****************************************
Killing subprocess 22714
Killing subprocess 22715
slurmstepd: error: Detected 1 oom-kill event(s) in step 6267355.0 cgroup. Some of your processes may have been killed by the cgroup out-of-memory handler.
srun: error: insy13: task 0: Out Of Memory
slurmstepd: error: Detected 1 oom-kill event(s) in step 6267355.batch cgroup. Some of your processes may have been killed by the cgroup out-of-memory handler.
